<?xml version="1.0" encoding="UTF-8"?>
<!-- Generated by org.testng.reporters.JUnitReportReporter -->
<testsuite hostname="elToro" failures="0" tests="1" name="testcases.SubtractionTest" time="3.631" errors="0" timestamp="2024-01-01T12:17:47 GST" skipped="0">
  <testcase classname="testcases.SubtractionTest" name="subtractionTest" time="3.631">
    <system-out>
      <![CDATA[<a href= "C:\Users\lyndo\Practical\DerivMobileAppAutomation\src\test\resources\screenshot\Success-Fri_Dec_29_23_56_22_GST_2023.png">Test Result </a>]]>
    </system-out>
  </testcase> <!-- subtractionTest -->
  <system-out>
    <![CDATA[<a href= "C:\Users\lyndo\Practical\DerivMobileAppAutomation\src\test\resources\screenshot\Success-Fri_Dec_29_23_56_22_GST_2023.png">Test Result </a>
<a href= "C:\Users\lyndo\Practical\DerivMobileAppAutomation\src\test\resources\screenshot\Success-Fri_Dec_29_23_56_22_GST_2023.png">Test Result </a>
<a href= "C:\Users\lyndo\Practical\DerivMobileAppAutomation\src\test\resources\screenshot\Success-Fri_Dec_29_23_56_22_GST_2023.png">Test Result </a>
<a href= "C:\Users\lyndo\Practical\DerivMobileAppAutomation\src\test\resources\screenshot\Success-Fri_Dec_29_23_56_22_GST_2023.png">Test Result </a>]]>
  </system-out>
</testsuite> <!-- testcases.SubtractionTest -->
